-------------------------------------------------------------------------------
Test set: com.udacity.webcrawler.json.ConfigurationLoaderTest
-------------------------------------------------------------------------------
Tests run: 2, Failures: 2, Errors: 0, Skipped: 0, Time elapsed: 0.126 s <<< FAILURE! - in com.udacity.webcrawler.json.ConfigurationLoaderTest
com.udacity.webcrawler.json.ConfigurationLoaderTest.testOptionalOptions  Time elapsed: 0.086 s  <<< FAILURE!
expected: 100
but was : 0
	at com.udacity.webcrawler.json.ConfigurationLoaderTest.testOptionalOptions(ConfigurationLoaderTest.java:75)
	at [[Reflective call: 4 frames collapsed (https://goo.gl/aH3UyP)]].(:0)
	at [[Testing framework: 27 frames collapsed (https://goo.gl/aH3UyP)]].(:0)
	at java.base/java.util.ArrayList.forEach(ArrayList.java:1511)
	at [[Testing framework: 9 frames collapsed (https://goo.gl/aH3UyP)]].(:0)
	at java.base/java.util.ArrayList.forEach(ArrayList.java:1511)
	at [[Testing framework: 17 frames collapsed (https://goo.gl/aH3UyP)]].(:0)
	at org.apache.maven.surefire.junitplatform.JUnitPlatformProvider.execute(JUnitPlatformProvider.java:188)
	at org.apache.maven.surefire.junitplatform.JUnitPlatformProvider.invokeAllTests(JUnitPlatformProvider.java:154)
	at org.apache.maven.surefire.junitplatform.JUnitPlatformProvider.invoke(JUnitPlatformProvider.java:128)
	at org.apache.maven.surefire.booter.ForkedBooter.runSuitesInProcess(ForkedBooter.java:428)
	at org.apache.maven.surefire.booter.ForkedBooter.execute(ForkedBooter.java:162)
	at org.apache.maven.surefire.booter.ForkedBooter.run(ForkedBooter.java:562)
	at org.apache.maven.surefire.booter.ForkedBooter.main(ForkedBooter.java:548)

com.udacity.webcrawler.json.ConfigurationLoaderTest.testBasicJsonConversion  Time elapsed: 0.023 s  <<< FAILURE!
missing (2): http://example.com, http://example.com/foo
---
expected   : [http://example.com, http://example.com/foo]
but was    : []
	at com.udacity.webcrawler.json.ConfigurationLoaderTest.testBasicJsonConversion(ConfigurationLoaderTest.java:39)
	at [[Reflective call: 4 frames collapsed (https://goo.gl/aH3UyP)]].(:0)
	at [[Testing framework: 27 frames collapsed (https://goo.gl/aH3UyP)]].(:0)
	at java.base/java.util.ArrayList.forEach(ArrayList.java:1511)
	at [[Testing framework: 9 frames collapsed (https://goo.gl/aH3UyP)]].(:0)
	at java.base/java.util.ArrayList.forEach(ArrayList.java:1511)
	at [[Testing framework: 17 frames collapsed (https://goo.gl/aH3UyP)]].(:0)
	at org.apache.maven.surefire.junitplatform.JUnitPlatformProvider.execute(JUnitPlatformProvider.java:188)
	at org.apache.maven.surefire.junitplatform.JUnitPlatformProvider.invokeAllTests(JUnitPlatformProvider.java:154)
	at org.apache.maven.surefire.junitplatform.JUnitPlatformProvider.invoke(JUnitPlatformProvider.java:128)
	at org.apache.maven.surefire.booter.ForkedBooter.runSuitesInProcess(ForkedBooter.java:428)
	at org.apache.maven.surefire.booter.ForkedBooter.execute(ForkedBooter.java:162)
	at org.apache.maven.surefire.booter.ForkedBooter.run(ForkedBooter.java:562)
	at org.apache.maven.surefire.booter.ForkedBooter.main(ForkedBooter.java:548)

